
問題をPOSTしました:(最小正解率問題)[応用情報-12]:A/D、D/A変換器における「分解能」とは何か。(未回答)
答えをPOSTしました:(最小正解率問題)[応用情報-12]答:１ビットあたりのアナログ値のこと。
警告:問題番号[応用情報-12]の画像ファイルはありません
問題をPOSTしました[1]:[AWS-390]:リリースプロセスの「ソースフェーズ」とは何か述べよ。また対応するAWSサービスは何か。(未回答)
答えをPOSTしました[1]:[AWS-390]答:ソースコードをレポジトリに保存し、開発者間で共有し、コード変更時にはレビューやフィードバックを行う。AWS CodeCommitが相当する。
警告:問題番号[AWS-390]の画像ファイルはありません
問題をPOSTしました[2]:[AWS-128]:S3を構成する3つの要素は何か。(正答率:28.57%)
答えをPOSTしました[2]:[AWS-128]答:バケット(オブジェクトを保存する領域)、オブジェクト(S3に保存するデータ)、メタデータ(オブジェクトを管理するための情報)
警告:問題番号[AWS-128]の画像ファイルはありません
問題をPOSTしました[3]:[AWS-183]:「エンベロープ暗号化」とは何か。(正答率:66.67%)
答えをPOSTしました[3]:[AWS-183]答:KMSでデータキーでデータを暗号化してから、そのデータキーをマスターキーで暗号化する手法のこと。
警告:問題番号[AWS-183]の画像ファイルはありません
問題をPOSTしました:(最小正解率問題)[AWS-387]:ソフトウェア、アプリケーションの「リリースプロセス」は大きく5つに分かれる。全てのべよ。(未回答)
答えをPOSTしました:(最小正解率問題)[AWS-387]答:ソース、ビルド、テスト、デプロイ、モニタリング
警告:問題番号[AWS-387]の画像ファイルはありません
問題をPOSTしました[1]:[AWS-347]:「AWS SAM(Serverless Application Model)」とは何か。(正答率:83.33%)
答えをPOSTしました[1]:[AWS-347]答:CloudFormationの拡張機能で、Lambda、APIGateway、DynamoDB、S3、StepFunctionなどを組み合わせたサーバーレスアプリケーションの構築を自動化することによって、素早くデプロイし、開発スピードを向上させ、整合性を保つことに役立つサービス。:AWS が公式で提供しているサーバーレスアプリケーションを構築するためのフレームワーク (モデル) 。Lambda、API Gateway、DynamoDB のリソースをひとまとめに管理 (作成 / 更新 / 削除) することができる。AWS SAM は言うならば、 AWS CloudFormationのサーバーレス拡張。
警告:問題番号[AWS-347]の画像ファイルはありません
問題をPOSTしました[2]:[AWS-11]:ネットワークACLとは何か。(正答率:66.67%)
答えをPOSTしました[2]:[AWS-11]答:サブネットごとの通信制御に利用する機能。セキュリティグループと同様にインバウンドとアウトバウンドの両方を制御できる。ルール番号があり、小さい方が優先される。
警告:問題番号[AWS-11]の画像ファイルはありません
None
None
None
プリントテスト
None
None
プリントテスト
DVA
DVA
問題をPOSTしました[1]:[AWS-400]:「eb create」コマンドは何か。(未回答)
答えをPOSTしました[1]:[AWS-400]答:環境名を指定して，アプリケーションの環境を作成する。
警告:問題番号[AWS-400]の画像ファイルはありません
DVA
問題をPOSTしました[2]:[AWS-400]:「eb create」コマンドは何か。(未回答)
答えをPOSTしました[2]:[AWS-400]答:環境名を指定して，アプリケーションの環境を作成する。
警告:問題番号[AWS-400]の画像ファイルはありません
プリントテスト
None
None
問題をPOSTしました[1]:[AWS-398]:「EB CLI」とは何か。(正答率:0.00%)
答えをPOSTしました[1]:[AWS-398]答:Elastic  Bealnstalkの操作が行えるコマンド。環境の構築や継続的なデプロイも可能。
警告:問題番号[AWS-398]の画像ファイルはありません
問題をPOSTしました[2]:[AWS-392]:AWS CodeBuildでビルドの仕様（設定）を定義するファイルは何か。(未回答)
答えをPOSTしました[2]:[AWS-392]答:buildspec.yml
警告:問題番号[AWS-392]の画像ファイルはありません
問題をPOSTしました:(最小正解率問題)[応用情報-13]:「PCM (Pulse Code Modulation)」とは何か。(未回答)
答えをPOSTしました:(最小正解率問題)[応用情報-13]答:音声をディジタルデータに変換する方式の一つ。一定間隔で音声をサンプリング（標本化）し、A/D変換器でディジタル値に変換する。
警告:問題番号[応用情報-13]の画像ファイルはありません
問題をPOSTしました[1]:[応用情報-262]:「ISO/IEC 20000」とは何か。(未回答)
答えをPOSTしました[1]:[応用情報-262]答:BS15000をベースに、ISOで標準化されたサービスマネジメントの規格。
警告:問題番号[応用情報-262]の画像ファイルはありません
問題をPOSTしました[1]:[AWS-395]:「AWS CodeStar」とは何か。(未回答)
答えをPOSTしました[1]:[AWS-395]答:プロジェクトテンプレートを選択して、プロジェクト名を決めるだけで、各AWS Codeサービスを構成したCI/CDパイプラインを自動的に作成できる。迅速にプロジェクトを開始できるサービス。
警告:問題番号[AWS-395]の画像ファイルはありません
問題をPOSTしました[2]:[AWS-388]:「CI(Continuous Integration)」とは何か。(正答率:0.00%)
答えをPOSTしました[2]:[AWS-388]答:ソースコードを継続的にコミット・チェックインし、ビルドとテストを自動化し、コードを検証する方法のこと。要は、頻繁にプログラムを更新し、コンパイルやテストを行うといった定型作業を自動化するということ。
警告:問題番号[AWS-388]の画像ファイルはありません
問題をPOSTしました[1]:[応用情報-415]:プログラミングツールの一つ「アサーションチェッカ」とは何か。(未回答)
答えをPOSTしました[1]:[応用情報-415]答:プログラムの正当性を表明(assertion)するツール。変数間の関係式や条件式を、それらが成立しなければならないプログラム部分に埋め込み、成立しているかどうかを確かめる
警告:問題番号[応用情報-415]の画像ファイルはありません
問題をPOSTしました:(最小正解率問題)[AWS-389]:「CD(Continuous Deployment、Continuous Delivery)」とは何か。(未回答)
答えをPOSTしました:(最小正解率問題)[AWS-389]答:テスト環境、本番環境へのデプロイ、リリースまでを自動化すること。これらを自動化することにより、デプロイが頻繁に発生してもボトルネックや遅延、リスクの原因にならないようにすることができる。
警告:問題番号[AWS-389]の画像ファイルはありません
問題をPOSTしました[1]:[AWS-209]:「AWS CodePipeline」とは何か。(正答率:83.33%)
答えをPOSTしました[1]:[AWS-209]答:CodeCommit,CodeBuild,CodeDeployのサービスを束ね、一連の開発プロセスを自動化するサービス。これら一連の作業全体を自動化してくれる。:コードが変更されるたびにコードをビルド、テスト、デプロイするサービス。迅速かつ信頼性の高いアプリケーションを実現する。。AWSの各Codeサービスを連携させることも、他のサードパーティを利用することも可能である。
警告:問題番号[AWS-209]の画像ファイルはありません
問題をPOSTしました[2]:[AWS-399]:「eb init」コマンドは何か。(未回答)
答えをPOSTしました[2]:[AWS-399]答:アプリケーションを作成するコマンド。パラメータの指定もできる。
警告:問題番号[AWS-399]の画像ファイルはありません
問題をPOSTしました:(最小正解率問題)[AWS-389]:「CD(Continuous Deployment、Continuous Delivery)」とは何か。(未回答)
答えをPOSTしました:(最小正解率問題)[AWS-389]答:テスト環境、本番環境へのデプロイ、リリースまでを自動化すること。これらを自動化することにより、デプロイが頻繁に発生してもボトルネックや遅延、リスクの原因にならないようにすることができる。
警告:問題番号[AWS-389]の画像ファイルはありません
問題をPOSTしました[1]:[AWS-106]:CloudWatchにおける「メトリクス」とは何か。(正答率:100.00%)
答えをPOSTしました[1]:[AWS-106]答:CloudWatchは各AWSリソースの状態を定期的に取得するが、この取得したAWSリソースの状態のこと。
警告:問題番号[AWS-106]の画像ファイルはありません
問題をPOSTしました[1]:[AWS-405]:「責任共有モデル」とは何か。(未回答)
答えをPOSTしました[1]:[AWS-405]答:AWSとAWSを使うユーザーが協力して、安全で価値の高いサービスを提供するために、お互いの責任を果たす。AWS側は施設の物理的なセキュリティや機器、サービスのホストOSなどの広範囲で運用、管理、制御を行う。ユーザ側はネットワーク、認証認可、暗号化など。
警告:問題番号[AWS-405]の画像ファイルはありません
問題をPOSTしました[2]:[AWS-394]:CodeDeployで利用する「appspec.yml」とは何か。(未回答)
答えをPOSTしました[2]:[AWS-394]答:リビジョン分に含ませる、アプリケーションの使用を示したファイル。
警告:問題番号[AWS-394]の画像ファイルはありません
問題をPOSTしました[1]:[応用情報-97]:ユーザビリティの評価法の一つ「ヒューリスティック法」とは何か。(正答率:0.00%)
答えをPOSTしました[1]:[応用情報-97]答:過去の経験則に基づいて、関係者が評価する。
警告:問題番号[応用情報-97]の画像ファイルはありません
問題をPOSTしました:(最小正解率問題)[LPIC-28]:「modutilsパッケージ」とは何か。(未回答)
答えをPOSTしました:(最小正解率問題)[LPIC-28]答:動作中のLinuxカーネルに対してローダブルモジュールを組み込むためのコマンド群。
警告:問題番号[LPIC-28]の画像ファイルはありません
問題をPOSTしました[1]:[AWS-345]:IAMロールのユースケースとしてある、「Web IDフェデレーション」とは何か。(正答率:50.00%)
答えをPOSTしました[1]:[AWS-345]答:FacebookやGoogleのアカウントを使用してAWSリソースにアクセスすること。:Google、Facebookなどといった外部のアプリケーションのIDを利用してサインインする方式。Cognitoで、外部のアプリケーションごとに設定できる。
警告:問題番号[AWS-345]の画像ファイルはありません
問題をPOSTしました[2]:[AWS-17]:VPCエンドポイントとは何か。(正答率:66.67%)
答えをPOSTしました[2]:[AWS-17]答:VPC内から同リージョンのAWSサービスに接続するときに用いられる特殊なゲートウェイ。S3やDynamoDBに接続する際に用いられるゲートウェイエンドポイントと、それ以外の大多数のサービスで利用するインターフェイスエンドポイント(AWS_PrivateLink)がある。
警告:問題番号[AWS-17]の画像ファイルはありません
問題をPOSTしました:(最小正解率問題)[LPIC-28]:「modutilsパッケージ」とは何か。(未回答)
答えをPOSTしました:(最小正解率問題)[LPIC-28]答:動作中のLinuxカーネルに対してローダブルモジュールを組み込むためのコマンド群。
警告:問題番号[LPIC-28]の画像ファイルはありません
問題をPOSTしました[1]:[AWS-14]:VPCとインターネットとを接続し、VPCに一つだけアタッチできるものは何か。(正答率:75.00%)
答えをPOSTしました[1]:[AWS-14]答:インターネットゲートウェイ(IGW)
警告:問題番号[AWS-14]の画像ファイルはありません
問題をPOSTしました[1]:[AWS-411]:「認可」とは何か。(未回答)
答えをPOSTしました[1]:[AWS-411]答:「何」を行わせるか（ポリシーによるAPIアクション定義）を管理し、制御すること。
警告:問題番号[AWS-411]の画像ファイルはありません
問題をPOSTしました[2]:[AWS-442]:Amazon Kinesis Data Streamsにおける「シャード」とは何か。(未回答)
答えをPOSTしました[2]:[AWS-442]答:ストリーム内の一意に識別されたデータレコードのシーケンスです。ストリームは複数のシャードで構成され、各シャードが容量の1単位になる。
警告:問題番号[AWS-442]の画像ファイルはありません
問題をPOSTしました[1]:[AWS-82]:AWSのサービスで、システムの利用状況に応じて自動的にELBに紐づくインスタンスの台数を増減させるのは何か。(正答率:100.00%)
答えをPOSTしました[1]:[AWS-82]答:Auto_Scaling
警告:問題番号[AWS-82]の画像ファイルはありません
問題をPOSTしました:(最小正解率問題)[AWS-389]:「CD(Continuous Deployment、Continuous Delivery)」とは何か。(未回答)
答えをPOSTしました:(最小正解率問題)[AWS-389]答:テスト環境、本番環境へのデプロイ、リリースまでを自動化すること。これらを自動化することにより、デプロイが頻繁に発生してもボトルネックや遅延、リスクの原因にならないようにすることができる。
警告:問題番号[AWS-389]の画像ファイルはありません
問題をPOSTしました[1]:[AWS-464]:S3のサーバーサイド暗号化方式の一つ「SSE-C」とは何か。(未回答)
答えをPOSTしました[1]:[AWS-464]答:ユーザー指定キーによるサーバー側暗号化方式。オンプレミスキーサーバーなどで作成されたキーを使用することもできる。
警告:問題番号[AWS-464]の画像ファイルはありません
問題をPOSTしました[2]:[AWS-437]:DynamoDBのデータ操作APIで、TransactionWriteItem、TransactionGetItemなどは何か。(未回答)
答えをPOSTしました[2]:[AWS-437]答:複数テーブルでタイミングを合わせて行うWriteItemとGetItem。トランザクションを成立させる必要上、1つでもリクエストが失敗した場合は処理全体を失敗にする。
警告:問題番号[AWS-437]の画像ファイルはありません
問題をPOSTしました[1]:[LPIC-55]:「fdisk」コマンドとは何か。(未回答)
答えをPOSTしました[1]:[LPIC-55]答:MBRパーティションテーブルを操作するためのコマンドツール。ハードディスクへのパーティションの作成、作成したパーティションに対して使用する領域タイプを設定できる。
警告:問題番号[LPIC-55]の画像ファイルはありません
問題をPOSTしました:(最小正解率問題)[AWS-389]:「CD(Continuous Deployment、Continuous Delivery)」とは何か。(未回答)
答えをPOSTしました:(最小正解率問題)[AWS-389]答:テスト環境、本番環境へのデプロイ、リリースまでを自動化すること。これらを自動化することにより、デプロイが頻繁に発生してもボトルネックや遅延、リスクの原因にならないようにすることができる。
警告:問題番号[AWS-389]の画像ファイルはありません
問題をPOSTしました[1]:[AWS-435]:DynamoDBのデータ操作APIで、Query、Scanなどでキー以外の項目の抽出条件に使用する属性の名は何か。(未回答)
答えをPOSTしました[1]:[AWS-435]答:FilterExpression
警告:問題番号[AWS-435]の画像ファイルはありません
問題をPOSTしました[2]:[AWS-453]:AWSのベストプラクティス11、増え続ける○○を処理する？(未回答)
答えをPOSTしました[2]:[AWS-453]答:データ。S3やDynamoDBなどのストレージ無制限のサービスを利用して、増え続けるデータを処理する。
警告:問題番号[AWS-453]の画像ファイルはありません
問題をPOSTしました:(最小正解率問題)[LPIC-28]:「modutilsパッケージ」とは何か。(未回答)
答えをPOSTしました:(最小正解率問題)[LPIC-28]答:動作中のLinuxカーネルに対してローダブルモジュールを組み込むためのコマンド群。
警告:問題番号[LPIC-28]の画像ファイルはありません
問題をPOSTしました[1]:[応用情報-38]:「DoS攻撃」とは何か。(正答率:100.00%)
答えをPOSTしました[1]:[応用情報-38]答:サーバなどを標的にアクセスを大量に発生させ、サービスが提供できない状態に追い込む攻撃。
警告:問題番号[応用情報-38]の画像ファイルはありません
問題をPOSTしました[1]:[AWS-392]:AWS CodeBuildでビルドの仕様（設定）を定義するファイルは何か。(正答率:0.00%)
答えをPOSTしました[1]:[AWS-392]答:buildspec.yml
警告:問題番号[AWS-392]の画像ファイルはありません
問題をPOSTしました[2]:[AWS-355]:「AWS X-Ray」とは何か。(正答率:25.00%)
答えをPOSTしました[2]:[AWS-355]答:本番環境や分散アプリケーション (マイクロサービスアーキテクチャを使用して構築されたアプリケーションなど) を分析およびデバッグ、またアプリケーションが処理するリクエストに関するデータを収集するサービス。データを表示、フィルタリング、洞察を取得して問題の識別や最適化の機会を識別するために使用するツールを提供する。:アプリケーションの潜在的なバグを特定したり、パフォーマンスのボトルネックを特定できるサービス。モニタリングが複雑になるマイクロサービスにおいても、マップで可視化してトレースで分析を可能とする。
問題をPOSTしました:(最小正解率問題)[AWS-393]:「CodeBuildローカルエージェント」とは何か。(未回答)
答えをPOSTしました:(最小正解率問題)[AWS-393]答:CodeBuildはローカルでもセットアップして実行することができる。これのこと。ローカルで実行することのメリットとして、buildspecのテスト、コミット前にアプリケーションをテスト・ビルドできる、などがある。
警告:問題番号[AWS-393]の画像ファイルはありません
問題をPOSTしました[1]:[AWS-27]:CloudFrontの一機能である「ストリーミングディストリビューション」とは何か。(正答率:40.00%)
答えをPOSTしました[1]:[AWS-27]答:RTMP(RealTimeMessagingProtocol)を使って動画のストリーミング配信を利用する際に用いる機能。
警告:問題番号[AWS-27]の画像ファイルはありません
問題をPOSTしました[1]:[AWS-451]:AWSのベストプラクティス⑨、キ○○を使用する？(正答率:0.00%)
答えをPOSTしました[1]:[AWS-451]答:キャッシュ。キャッシュを利用することで負荷が減り、パフォーマンスとコストの最適化につながる。ElastiCacheやCloudFrontが該当。
警告:問題番号[AWS-451]の画像ファイルはありません
問題をPOSTしました[2]:[AWS-500]:CloudWatchで、SQSに関するメトリクス「NumberOfEmptyReceives」とは何か。(未回答)
答えをPOSTしました[2]:[AWS-500]答:メッセージを返さなかったキューへのReceiveMessage APIアクションの数を示す。この数が多くて減らしたい場合は、ロングポーリングを検討する。
警告:問題番号[AWS-500]の画像ファイルはありません
問題をPOSTしました[1]:[AWS-128]:S3を構成する3つの要素は何か。(正答率:28.57%)
答えをPOSTしました[1]:[AWS-128]答:バケット(オブジェクトを保存する領域)、オブジェクト(S3に保存するデータ)、メタデータ(オブジェクトを管理するための情報)
警告:問題番号[AWS-128]の画像ファイルはありません
問題をPOSTしました:(最小正解率問題)[AWS-393]:「CodeBuildローカルエージェント」とは何か。(未回答)
答えをPOSTしました:(最小正解率問題)[AWS-393]答:CodeBuildはローカルでもセットアップして実行することができる。これのこと。ローカルで実行することのメリットとして、buildspecのテスト、コミット前にアプリケーションをテスト・ビルドできる、などがある。
警告:問題番号[AWS-393]の画像ファイルはありません
問題をPOSTしました[1]:[AWS-519]:デプロイパターンの一つ「Rolling」の特徴は何か。(未回答)
答えをPOSTしました[1]:[AWS-519]答:サーバーをいくつかのグループに分けて、グループごとにIn-Place更新をする方式。
警告:問題番号[AWS-519]の画像ファイルはありません
問題をPOSTしました[2]:[AWS-509]:CloudWatchで、Step Functionsに関するメトリクス「ExecutionFailed」とは何か。(未回答)
答えをPOSTしました[2]:[AWS-509]答:失敗した実行数を示す。
警告:問題番号[AWS-509]の画像ファイルはありません
問題をPOSTしました:(最小正解率問題)[応用情報-13]:「PCM (Pulse Code Modulation)」とは何か。(未回答)
答えをPOSTしました:(最小正解率問題)[応用情報-13]答:音声をディジタルデータに変換する方式の一つ。一定間隔で音声をサンプリング（標本化）し、A/D変換器でディジタル値に変換する。
警告:問題番号[応用情報-13]の画像ファイルはありません
問題をPOSTしました[1]:[AWS-481]:CloudWatchで、DynamoDBに関するメトリクス「ThrottledRequests」とは何か。(正答率:0.00%)
答えをPOSTしました[1]:[AWS-481]答:キャパシティユニットによって設定されたスループットの上限を超えて発生したリクエスト数を示す。
警告:問題番号[AWS-481]の画像ファイルはありません
問題をPOSTしました:(最小正解率問題)[LPIC-28]:「modutilsパッケージ」とは何か。(未回答)
答えをPOSTしました:(最小正解率問題)[LPIC-28]答:動作中のLinuxカーネルに対してローダブルモジュールを組み込むためのコマンド群。
警告:問題番号[LPIC-28]の画像ファイルはありません
問題をPOSTしました[1]:[AWS-493]:CloudWatchで、API Gatewayに関するメトリクス「5XXError」とは何か。(未回答)
答えをPOSTしました[1]:[AWS-493]答:サーバー側のエラー数を示す。
警告:問題番号[AWS-493]の画像ファイルはありません
問題をPOSTしました[2]:[AWS-483]:CloudWatchで、DynamoDBに関するメトリクス「WriteThrottleEvents」とは何か。(未回答)
答えをPOSTしました[2]:[AWS-483]答:スロットルのうちの書き込みリクエスト数を示す。
警告:問題番号[AWS-483]の画像ファイルはありません
問題をPOSTしました:(最小正解率問題)[LPIC-28]:「modutilsパッケージ」とは何か。(未回答)
答えをPOSTしました:(最小正解率問題)[LPIC-28]答:動作中のLinuxカーネルに対してローダブルモジュールを組み込むためのコマンド群。
警告:問題番号[LPIC-28]の画像ファイルはありません
問題をPOSTしました[1]:[応用情報-198]:「デュアルシステム」とは何か。(未回答)
答えをPOSTしました[1]:[応用情報-198]答:同じ処理を２つの処理系統で同時に行い、結果を照合するシステム。
警告:問題番号[応用情報-198]の画像ファイルはありません
問題をPOSTしました[1]:[AWS-436]:DynamoDBのデータ操作APIで、BatchWriteItem、BatchGetItemなどは何か。(正答率:100.00%)
答えをPOSTしました[1]:[AWS-436]答:並列処理が行えるWriteItemとGetItem。大量のデータを扱う時に通常のでは非効率な場合もある。その時に使用する。これによりパフォーマンスの向上が期待できる。
警告:問題番号[AWS-436]の画像ファイルはありません
問題をPOSTしました[2]:[AWS-408]:VPCエンドポイントの一つ「インターフェースエンドポイント」とは何か。(正答率:50.00%)
答えをPOSTしました[2]:[AWS-408]答:VPCにアタッチして、サブネットに関連づけているルートテーブルでゲートウェイエンドポイントへのルートを設定するサービス。S3とDynamoDBで利用する。
警告:問題番号[AWS-408]の画像ファイルはありません
問題をPOSTしました:(最小正解率問題)[LPIC-28]:「modutilsパッケージ」とは何か。(未回答)
答えをPOSTしました:(最小正解率問題)[LPIC-28]答:動作中のLinuxカーネルに対してローダブルモジュールを組み込むためのコマンド群。
警告:問題番号[LPIC-28]の画像ファイルはありません
問題をPOSTしました[1]:[応用情報-164]:「EIGamal暗号」とは何か。(正答率:0.00%)
答えをPOSTしました[1]:[応用情報-164]答:公開鍵暗号方式の一つで、位数が大きな群の離散対数問題が困難であることを利用した暗号方式。
警告:問題番号[応用情報-164]の画像ファイルはありません
問題をPOSTしました[1]:[AWS-445]:AWSのベストプラクティス③、○○を可能にする？(正答率:0.00%)
答えをPOSTしました[1]:[AWS-445]答:使い捨て。オートスケーリングでEC2をすぐ消せられるようになど。
警告:問題番号[AWS-445]の画像ファイルはありません
問題をPOSTしました[2]:[AWS-175]:「カスタマー管理ポリシー」とは何か。(正答率:60.00%)
答えをPOSTしました[2]:[AWS-175]答:ユーザー自身が管理するポリシー。個別のユーザー・グループ内に閉じたポリシーなのか共有できるのかの違いがある。:ユーザーが作成して管理するIAMポリシーのこと。複数のユーザ、グループ、ロールにアタッチでき、バージョンアップデートはユーザー側で行われる。
警告:問題番号[AWS-175]の画像ファイルはありません
問題をPOSTしました[1]:[LPIC-63]:ルートディレクトリ下にある代表的なディレクトリの一つ「bin」の役割は何か。(未回答)
答えをPOSTしました[1]:[LPIC-63]答:基本的なコマンドのバイナリファイル群が配置されるディレクトリ。
警告:問題番号[LPIC-63]の画像ファイルはありません
問題をPOSTしました:(最小正解率問題)[LPIC-28]:「modutilsパッケージ」とは何か。(未回答)
答えをPOSTしました:(最小正解率問題)[LPIC-28]答:動作中のLinuxカーネルに対してローダブルモジュールを組み込むためのコマンド群。
警告:問題番号[LPIC-28]の画像ファイルはありません
問題をPOSTしました[1]:[AWS-394]:CodeDeployで利用する「appspec.yml」とは何か。(未回答)
答えをPOSTしました[1]:[AWS-394]答:リビジョン分に含ませる、アプリケーションの使用を示したファイル。
警告:問題番号[AWS-394]の画像ファイルはありません
問題をPOSTしました[2]:[AWS-398]:「EB CLI」とは何か。(正答率:66.67%)
答えをPOSTしました[2]:[AWS-398]答:Elastic  Bealnstalkの操作が行えるコマンド。環境の構築や継続的なデプロイも可能。
警告:問題番号[AWS-398]の画像ファイルはありません
問題をPOSTしました[1]:[LPIC-73]:ファイルシステムを作成するとき、ルートディレクトリ下に配置しなければならないディレクトリを全て挙げよ。(未回答)
答えをPOSTしました[1]:[LPIC-73]答:bin、sbin、dev、etc、lib
警告:問題番号[LPIC-73]の画像ファイルはありません
問題をPOSTしました:(最小正解率問題)[LPIC-28]:「modutilsパッケージ」とは何か。(未回答)
答えをPOSTしました:(最小正解率問題)[LPIC-28]答:動作中のLinuxカーネルに対してローダブルモジュールを組み込むためのコマンド群。
警告:問題番号[LPIC-28]の画像ファイルはありません
問題をPOSTしました[1]:[AWS-515]:デプロイパターンの一つ「In-Place」の特徴は何か。(未回答)
答えをPOSTしました[1]:[AWS-515]答:稼働中の環境を新しいアプリケーションで更新する方法。
警告:問題番号[AWS-515]の画像ファイルはありません
問題をPOSTしました[2]:[AWS-430]:DynamoDBのデータ操作APIで、指定した条件に合致する項目を取得するオペレーションは何か。(未回答)
答えをPOSTしました[2]:[AWS-430]答:Query。Pythonではboto3.query。
警告:問題番号[AWS-430]の画像ファイルはありません
問題をPOSTしました:(最小正解率問題)[AWS-393]:「CodeBuildローカルエージェント」とは何か。(未回答)
答えをPOSTしました:(最小正解率問題)[AWS-393]答:CodeBuildはローカルでもセットアップして実行することができる。これのこと。ローカルで実行することのメリットとして、buildspecのテスト、コミット前にアプリケーションをテスト・ビルドできる、などがある。
警告:問題番号[AWS-393]の画像ファイルはありません
問題をPOSTしました[1]:[LPIC-63]:ルートディレクトリ下にある代表的なディレクトリの一つ「bin」の役割は何か。(未回答)
答えをPOSTしました[1]:[LPIC-63]答:基本的なコマンドのバイナリファイル群が配置されるディレクトリ。
警告:問題番号[LPIC-63]の画像ファイルはありません
問題をPOSTしました[1]:[AWS-410]:「認証」とは何か。(正答率:100.00%)
答えをPOSTしました[1]:[AWS-410]答:「誰」であるか（具体的なユーザー名やロール名）を特定し、制御すること。
警告:問題番号[AWS-410]の画像ファイルはありません
問題をPOSTしました[2]:[AWS-387]:ソフトウェア、アプリケーションの「リリースプロセス」は大きく5つに分かれる。全てのべよ。(正答率:100.00%)
答えをPOSTしました[2]:[AWS-387]答:ソース、ビルド、テスト、デプロイ、モニタリング
警告:問題番号[AWS-387]の画像ファイルはありません
問題をPOSTしました[1]:[AWS-127]:非常に優れた耐久性を持つ、容量無制限のオブジェクトストレージサービスといえば何か。(正答率:100.00%)
答えをPOSTしました[1]:[AWS-127]答:Amazon_S3
警告:問題番号[AWS-127]の画像ファイルはありません
問題をPOSTしました:(最小正解率問題)[AWS-393]:「CodeBuildローカルエージェント」とは何か。(未回答)
答えをPOSTしました:(最小正解率問題)[AWS-393]答:CodeBuildはローカルでもセットアップして実行することができる。これのこと。ローカルで実行することのメリットとして、buildspecのテスト、コミット前にアプリケーションをテスト・ビルドできる、などがある。
警告:問題番号[AWS-393]の画像ファイルはありません
問題をPOSTしました[1]:[AWS-409]:AWS Elastic BeanStalkの設定ファイル名を答えよ。(正答率:50.00%)
答えをPOSTしました[1]:[AWS-409]答:.ebextensions
警告:問題番号[AWS-409]の画像ファイルはありません
問題をPOSTしました[2]:[AWS-454]:AWSの移行戦略としてある「6つのR」とは何か。(正答率:0.00%)
答えをPOSTしました[2]:[AWS-454]答:リホスト(REHOST)、リプラットフォーム(REPLATFORM)、再購入(REPURCHASE)、リファクタリング/再設計(REFACTOR/RE-ARCHITECT)、廃止(RETIRE)、保持(RETAIN)
警告:問題番号[AWS-454]の画像ファイルはありません
問題をPOSTしました[1]:[LPIC-83]:「ファイルシステムテーブル」とは何か。(未回答)
答えをPOSTしました[1]:[LPIC-83]答:システム起動時の自動マウントを制御している機構。ルートファイルシステムを含む主要なファイルシステムは、起動時に設定されなければならない。これを制御している。
警告:問題番号[LPIC-83]の画像ファイルはありません
問題をPOSTしました:(最小正解率問題)[応用情報-13]:「PCM (Pulse Code Modulation)」とは何か。(未回答)
答えをPOSTしました:(最小正解率問題)[応用情報-13]答:音声をディジタルデータに変換する方式の一つ。一定間隔で音声をサンプリング（標本化）し、A/D変換器でディジタル値に変換する。
警告:問題番号[応用情報-13]の画像ファイルはありません
問題をPOSTしました[1]:[AWS-501]:CloudWatchで、SQSに関するメトリクス「ApproximateNumberOfMessagesVisible」とは何か。(未回答)
答えをPOSTしました[1]:[AWS-501]答:取得可能なメッセージの数を示す。Visibleとあるように可視性タイムアウトになってないメッセージ。
警告:問題番号[AWS-501]の画像ファイルはありません
問題をPOSTしました[2]:[AWS-290]:「Amazon_Cognito」とは何か。(正答率:80.00%)
答えをPOSTしました[2]:[AWS-290]答:ウェブアプリケーションやモバイルアプリケーションの認証、許可、ユーザー管理をサポートしています。ユーザーは、ユーザー名とパスワードを使用して直接サインインするか、Facebook、Amazon、Google、Apple:Webアプリケーションやモバイルアプリケーションに、安全に認証を提供するサービス。Cognitoのサービスリソースは大きく分けると、ユーザープールとIDプールの2つがある。
警告:問題番号[AWS-290]の画像ファイルはありません
問題をPOSTしました:(最小正解率問題)[応用情報-13]:「PCM (Pulse Code Modulation)」とは何か。(未回答)
答えをPOSTしました:(最小正解率問題)[応用情報-13]答:音声をディジタルデータに変換する方式の一つ。一定間隔で音声をサンプリング（標本化）し、A/D変換器でディジタル値に変換する。
警告:問題番号[応用情報-13]の画像ファイルはありません
問題をPOSTしました[1]:[AWS-159]:AWSが提供するマネージドNoSQLデータベースサービスは何か。。(正答率:100.00%)
答えをPOSTしました[1]:[AWS-159]答:Amazon_DynamoDB
警告:問題番号[AWS-159]の画像ファイルはありません
問題をPOSTしました[1]:[AWS-359]:「Lambda Layer」とは何か。(正答率:66.67%)
答えをPOSTしました[1]:[AWS-359]答:ライブラリ、カスタムランタイム、またはその他の依存関係を含む .zip ファイルアーカイブ。レイヤーを使用することで、関数のライブラリを使用することができます。デプロイパッケージに含める必要はない。:外部ライブラリなどの依存関係を共有化できる。以前はレイヤーがなかったため、全てのLambda関数にライブラリなどの依存関係をZIPでまとめてアップロードしていた。ライブラリにアップデートが発生すると、対象のLambda関数全てに再デプロイが必要だった。
警告:問題番号[AWS-359]の画像ファイルはありません
問題をPOSTしました[2]:[AWS-441]:「Amazon MQ」とは何か。(正答率:100.00%)
答えをPOSTしました[2]:[AWS-441]答:主に移行向けのサービス。OSSのApache ActiveMQまたはRabbitMQを使っており、この内のいずれかを使っている場合はそのまま移行することができる。
警告:問題番号[AWS-441]の画像ファイルはありません
問題をPOSTしました:(最小正解率問題)[AWS-393]:「CodeBuildローカルエージェント」とは何か。(未回答)
答えをPOSTしました:(最小正解率問題)[AWS-393]答:CodeBuildはローカルでもセットアップして実行することができる。これのこと。ローカルで実行することのメリットとして、buildspecのテスト、コミット前にアプリケーションをテスト・ビルドできる、などがある。
警告:問題番号[AWS-393]の画像ファイルはありません
問題をPOSTしました[1]:[応用情報-101]:「SVG」とは何か。(未回答)
答えをPOSTしました[1]:[応用情報-101]答:ベクタ形式のグラフィックスをXMLで記述するための言語
警告:問題番号[応用情報-101]の画像ファイルはありません
問題をPOSTしました[1]:[AWS-419]:「AWS Toolkit」とは何か。(正答率:100.00%)
答えをPOSTしました[1]:[AWS-419]答:開発者が使い慣れたIDE(統合開発環境)に追加できるプラグインで、AWSのコードの作成、テスト、デバッグ、デプロイが効率化される（どのIDEに入れられるんだ？）
警告:問題番号[AWS-419]の画像ファイルはありません
問題をPOSTしました[2]:[AWS-429]:DynamoDBのデータ操作APIで、項目の削除を行うオペレーションは何か。(正答率:100.00%)
答えをPOSTしました[2]:[AWS-429]答:DeleteItem。Pythonではboto3.delete_item。
警告:問題番号[AWS-429]の画像ファイルはありません
